Compiling the C compiler identification source file "CMakeCCompilerId.c" failed.
Compiler: CMAKE_C_COMPILER-NOTFOUND 
Build flags: 
Id flags:  

The output was:
No such file or directory


Compiling the C compiler identification source file "CMakeCCompilerId.c" failed.
Compiler: CMAKE_C_COMPILER-NOTFOUND 
Build flags: 
Id flags: -c 

The output was:
No such file or directory


Compiling the C compiler identification source file "CMakeCCompilerId.c" failed.
Compiler: CMAKE_C_COMPILER-NOTFOUND 
Build flags: 
Id flags: -Aa 

The output was:
No such file or directory


Compiling the C compiler identification source file "CMakeCCompilerId.c" failed.
Compiler: CMAKE_C_COMPILER-NOTFOUND 
Build flags: 
Id flags: -D__CLASSIC_C__ 

The output was:
No such file or directory


Compiling the C compiler identification source file "CMakeCCompilerId.c" failed.
Compiler: CMAKE_C_COMPILER-NOTFOUND 
Build flags: 
Id flags:  

The output was:
No such file or directory


Compiling the C compiler identification source file "CMakeCCompilerId.c" failed.
Compiler: CMAKE_C_COMPILER-NOTFOUND 
Build flags: 
Id flags: -c 

The output was:
No such file or directory


Compiling the C compiler identification source file "CMakeCCompilerId.c" failed.
Compiler: CMAKE_C_COMPILER-NOTFOUND 
Build flags: 
Id flags: -Aa 

The output was:
No such file or directory


Compiling the C compiler identification source file "CMakeCCompilerId.c" failed.
Compiler: CMAKE_C_COMPILER-NOTFOUND 
Build flags: 
Id flags: -D__CLASSIC_C__ 

The output was:
No such file or directory


Compiling the CXX compiler identification source file "CMakeCXXCompilerId.cpp" failed.
Compiler: CMAKE_CXX_COMPILER-NOTFOUND 
Build flags: 
Id flags:  

The output was:
No such file or directory


Compiling the CXX compiler identification source file "CMakeCXXCompilerId.cpp" failed.
Compiler: CMAKE_CXX_COMPILER-NOTFOUND 
Build flags: 
Id flags: -c 

The output was:
No such file or directory


Compiling the CXX compiler identification source file "CMakeCXXCompilerId.cpp" failed.
Compiler: CMAKE_CXX_COMPILER-NOTFOUND 
Build flags: 
Id flags: --c++ 

The output was:
No such file or directory


Compiling the CXX compiler identification source file "CMakeCXXCompilerId.cpp" failed.
Compiler: CMAKE_CXX_COMPILER-NOTFOUND 
Build flags: 
Id flags: --ec++ 

The output was:
No such file or directory


Compiling the CXX compiler identification source file "CMakeCXXCompilerId.cpp" failed.
Compiler: CMAKE_CXX_COMPILER-NOTFOUND 
Build flags: 
Id flags:  

The output was:
No such file or directory


Compiling the CXX compiler identification source file "CMakeCXXCompilerId.cpp" failed.
Compiler: CMAKE_CXX_COMPILER-NOTFOUND 
Build flags: 
Id flags: -c 

The output was:
No such file or directory


Compiling the CXX compiler identification source file "CMakeCXXCompilerId.cpp" failed.
Compiler: CMAKE_CXX_COMPILER-NOTFOUND 
Build flags: 
Id flags: --c++ 

The output was:
No such file or directory


Compiling the CXX compiler identification source file "CMakeCXXCompilerId.cpp" failed.
Compiler: CMAKE_CXX_COMPILER-NOTFOUND 
Build flags: 
Id flags: --ec++ 

The output was:
No such file or directory


Determining if the pthread_create exist failed with the following output:
Change Dir: /mnt/c/Users/tonyt/Desktop/CS411/EC/SuRF/CMakeFiles/CMakeTmp

Run Build Command:"/usr/bin/make" "cmTC_7395b/fast"
/usr/bin/make -f CMakeFiles/cmTC_7395b.dir/build.make CMakeFiles/cmTC_7395b.dir/build
make[1]: Entering directory '/mnt/c/Users/tonyt/Desktop/CS411/EC/SuRF/CMakeFiles/CMakeTmp'
Building C object CMakeFiles/cmTC_7395b.dir/CheckSymbolExists.c.o
/usr/bin/cc    -o CMakeFiles/cmTC_7395b.dir/CheckSymbolExists.c.o   -c /mnt/c/Users/tonyt/Desktop/CS411/EC/SuRF/CMakeFiles/CMakeTmp/CheckSymbolExists.c
Linking C executable cmTC_7395b
/usr/bin/cmake -E cmake_link_script CMakeFiles/cmTC_7395b.dir/link.txt --verbose=1
/usr/bin/cc      -rdynamic CMakeFiles/cmTC_7395b.dir/CheckSymbolExists.c.o  -o cmTC_7395b 
CMakeFiles/cmTC_7395b.dir/CheckSymbolExists.c.o: In function `main':
CheckSymbolExists.c:(.text+0x1b): undefined reference to `pthread_create'
collect2: error: ld returned 1 exit status
CMakeFiles/cmTC_7395b.dir/build.make:97: recipe for target 'cmTC_7395b' failed
make[1]: *** [cmTC_7395b] Error 1
make[1]: Leaving directory '/mnt/c/Users/tonyt/Desktop/CS411/EC/SuRF/CMakeFiles/CMakeTmp'
Makefile:126: recipe for target 'cmTC_7395b/fast' failed
make: *** [cmTC_7395b/fast] Error 2

File /mnt/c/Users/tonyt/Desktop/CS411/EC/SuRF/CMakeFiles/CMakeTmp/CheckSymbolExists.c:
/* */
#include <pthread.h>

int main(int argc, char** argv)
{
  (void)argv;
#ifndef pthread_create
  return ((int*)(&pthread_create))[argc];
#else
  (void)argc;
  return 0;
#endif
}

Determining if the function pthread_create exists in the pthreads failed with the following output:
Change Dir: /mnt/c/Users/tonyt/Desktop/CS411/EC/SuRF/CMakeFiles/CMakeTmp

Run Build Command:"/usr/bin/make" "cmTC_6d535/fast"
/usr/bin/make -f CMakeFiles/cmTC_6d535.dir/build.make CMakeFiles/cmTC_6d535.dir/build
make[1]: Entering directory '/mnt/c/Users/tonyt/Desktop/CS411/EC/SuRF/CMakeFiles/CMakeTmp'
Building C object CMakeFiles/cmTC_6d535.dir/CheckFunctionExists.c.o
/usr/bin/cc   -DCHECK_FUNCTION_EXISTS=pthread_create   -o CMakeFiles/cmTC_6d535.dir/CheckFunctionExists.c.o   -c /usr/share/cmake-3.10/Modules/CheckFunctionExists.c
Linking C executable cmTC_6d535
/usr/bin/cmake -E cmake_link_script CMakeFiles/cmTC_6d535.dir/link.txt --verbose=1
/usr/bin/cc  -DCHECK_FUNCTION_EXISTS=pthread_create    -rdynamic CMakeFiles/cmTC_6d535.dir/CheckFunctionExists.c.o  -o cmTC_6d535 -lpthreads 
/usr/bin/ld: cannot find -lpthreads
collect2: error: ld returned 1 exit status
CMakeFiles/cmTC_6d535.dir/build.make:97: recipe for target 'cmTC_6d535' failed
make[1]: *** [cmTC_6d535] Error 1
make[1]: Leaving directory '/mnt/c/Users/tonyt/Desktop/CS411/EC/SuRF/CMakeFiles/CMakeTmp'
Makefile:126: recipe for target 'cmTC_6d535/fast' failed
make: *** [cmTC_6d535/fast] Error 2


